0 info it worked if it ends with ok
1 verbose cli [ '/home/ec2-user/.nvm/versions/node/v6.17.0/bin/node',
1 verbose cli   '/home/ec2-user/.nvm/versions/node/v6.17.0/bin/npm',
1 verbose cli   'run',
1 verbose cli   'test:integration' ]
2 info using npm@3.10.10
3 info using node@v6.17.0
4 verbose run-script [ 'pretest:integration',
4 verbose run-script   'test:integration',
4 verbose run-script   'posttest:integration' ]
5 info lifecycle node-book@1.0.0~pretest:integration: node-book@1.0.0
6 silly lifecycle node-book@1.0.0~pretest:integration: no script for pretest:integration, continuing
7 info lifecycle node-book@1.0.0~test:integration: node-book@1.0.0
8 verbose lifecycle node-book@1.0.0~test:integration: unsafe-perm in lifecycle true
9 verbose lifecycle node-book@1.0.0~test:integration: PATH: /home/ec2-user/.nvm/versions/node/v6.17.0/lib/node_modules/npm/bin/node-gyp-bin:/home/ec2-user/environment/StoreApi/node_modules/.bin:/home/ec2-user/.nvm/versions/node/v6.17.0/bin:/home/ec2-user/.rvm/gems/ruby-2.6.0/bin:/home/ec2-user/.rvm/gems/ruby-2.6.0@global/bin:/home/ec2-user/.rvm/rubies/ruby-2.6.0/bin:/usr/local/bin:/bin:/usr/bin:/home/ec2-user/.local/bin:/home/ec2-user/bin:/usr/local/sbin:/usr/sbin:/sbin:/opt/aws/bin:/home/ec2-user/.local/bin:/home/ec2-user/bin:/home/ec2-user/.local/bin:/home/ec2-user/bin:/home/ec2-user/.rvm/bin:/opt/aws/bin:/home/ec2-user/.local/bin:/home/ec2-user/bin:/home/ec2-user/.local/bin:/home/ec2-user/bin
10 verbose lifecycle node-book@1.0.0~test:integration: CWD: /home/ec2-user/environment/StoreApi
11 silly lifecycle node-book@1.0.0~test:integration: Args: [ '-c',
11 silly lifecycle   'NODE_ENV=test mocha --opts test/integration/mocha.opts test/integration/**/*_spec.js' ]
12 silly lifecycle node-book@1.0.0~test:integration: Returned: code: 1  signal: null
13 info lifecycle node-book@1.0.0~test:integration: Failed to exec test:integration script
14 verbose stack Error: node-book@1.0.0 test:integration: `NODE_ENV=test mocha --opts test/integration/mocha.opts test/integration/**/*_spec.js`
14 verbose stack Exit status 1
14 verbose stack     at EventEmitter.<anonymous> (/home/ec2-user/.nvm/versions/node/v6.17.0/lib/node_modules/npm/lib/utils/lifecycle.js:255:16)
14 verbose stack     at emitTwo (events.js:106:13)
14 verbose stack     at EventEmitter.emit (events.js:191:7)
14 verbose stack     at ChildProcess.<anonymous> (/home/ec2-user/.nvm/versions/node/v6.17.0/lib/node_modules/npm/lib/utils/spawn.js:40:14)
14 verbose stack     at emitTwo (events.js:106:13)
14 verbose stack     at ChildProcess.emit (events.js:191:7)
14 verbose stack     at maybeClose (internal/child_process.js:920:16)
14 verbose stack     at Process.ChildProcess._handle.onexit (internal/child_process.js:230:5)
15 verbose pkgid node-book@1.0.0
16 verbose cwd /home/ec2-user/environment/StoreApi
17 error Linux 4.14.97-74.72.amzn1.x86_64
18 error argv "/home/ec2-user/.nvm/versions/node/v6.17.0/bin/node" "/home/ec2-user/.nvm/versions/node/v6.17.0/bin/npm" "run" "test:integration"
19 error node v6.17.0
20 error npm  v3.10.10
21 error code ELIFECYCLE
22 error node-book@1.0.0 test:integration: `NODE_ENV=test mocha --opts test/integration/mocha.opts test/integration/**/*_spec.js`
22 error Exit status 1
23 error Failed at the node-book@1.0.0 test:integration script 'NODE_ENV=test mocha --opts test/integration/mocha.opts test/integration/**/*_spec.js'.
23 error Make sure you have the latest version of node.js and npm installed.
23 error If you do, this is most likely a problem with the node-book package,
23 error not with npm itself.
23 error Tell the author that this fails on your system:
23 error     NODE_ENV=test mocha --opts test/integration/mocha.opts test/integration/**/*_spec.js
23 error You can get information on how to open an issue for this project with:
23 error     npm bugs node-book
23 error Or if that isn't available, you can get their info via:
23 error     npm owner ls node-book
23 error There is likely additional logging output above.
24 verbose exit [ 1, true ]
